  Game.cpp
C:\Users\Moldovan\source\repos\Game\Game\Game.cpp(23,32): warning C4244: 'argument' : conversion de 'int' en 'float', perte possible de données
C:\Users\Moldovan\source\repos\Game\Game\Game.cpp(31,48): warning C4244: 'argument' : conversion de 'int' en 'T', perte possible de données
          with
          [
              T=float
          ]
C:\Users\Moldovan\source\repos\Game\Game\Game.cpp(31,34): warning C4244: 'argument' : conversion de 'int' en 'T', perte possible de données
          with
          [
              T=float
          ]
C:\Users\Moldovan\source\repos\Game\Game\Game.cpp(33,30): warning C4244: 'argument' : conversion de 'int' en 'float', perte possible de données
C:\Users\Moldovan\source\repos\Game\Game\Game.cpp(35,25): warning C4244: 'argument' : conversion de 'int' en 'float', perte possible de données
C:\Users\Moldovan\source\repos\Game\Game\Game.cpp(37,48): warning C4244: 'argument' : conversion de 'int' en 'T', perte possible de données
          with
          [
              T=float
          ]
C:\Users\Moldovan\source\repos\Game\Game\Game.cpp(37,38): warning C4244: 'argument' : conversion de 'int' en 'T', perte possible de données
          with
          [
              T=float
          ]
C:\Users\Moldovan\source\repos\Game\Game\Game.cpp(38,49): warning C4244: 'argument' : conversion de 'int' en 'T', perte possible de données
          with
          [
              T=float
          ]
C:\Users\Moldovan\source\repos\Game\Game\Game.cpp(38,39): warning C4244: 'argument' : conversion de 'int' en 'T', perte possible de données
          with
          [
              T=float
          ]
C:\Users\Moldovan\source\repos\Game\Game\Game.cpp(49,37): warning C4244: 'argument' : conversion de 'int' en 'float', perte possible de données
C:\Users\Moldovan\source\repos\Game\Game\Game.cpp(49,22): warning C4244: 'argument' : conversion de 'int' en 'float', perte possible de données
C:\Users\Moldovan\source\repos\Game\Game\Game.cpp(91,54): warning C4244: 'argument' : conversion de 'int' en 'float', perte possible de données
C:\Users\Moldovan\source\repos\Game\Game\Game.cpp(91,36): warning C4244: 'argument' : conversion de 'int' en 'float', perte possible de données
C:\Users\Moldovan\source\repos\Game\Game\Game.cpp(92,56): warning C4244: 'argument' : conversion de 'int' en 'float', perte possible de données
C:\Users\Moldovan\source\repos\Game\Game\Game.cpp(92,37): warning C4244: 'argument' : conversion de 'int' en 'float', perte possible de données
C:\Users\Moldovan\source\repos\Game\Game\Game.cpp(94,39): warning C4244: '+=' : conversion de 'T' en 'int', perte possible de données
          with
          [
              T=float
          ]
C:\Users\Moldovan\source\repos\Game\Game\Game.cpp(95,39): warning C4244: '+=' : conversion de 'T' en 'int', perte possible de données
          with
          [
              T=float
          ]
C:\Users\Moldovan\source\repos\Game\Game\Game.cpp(137,45): warning C4244: 'argument' : conversion de 'int' en 'float', perte possible de données
C:\Users\Moldovan\source\repos\Game\Game\Game.cpp(137,30): warning C4244: 'argument' : conversion de 'int' en 'float', perte possible de données
  Game.vcxproj -> C:\Users\Moldovan\source\repos\Game\Debug\Game.exe
